<?xml version="1.0" encoding="UTF-8"?>
<!-- Generated by org.testng.reporters.JUnitXMLReporter -->
<testsuite ignored="0" hostname="LAPTOP-07R9VU7F" failures="2" tests="20" name="Test" time="168.237" errors="0" timestamp="2023-11-19T13:58:42 EST">
  <testcase classname="com.naveenautomation.pageTests.HomePageTest" name="validateCartMessage" time="11.429">
    <skipped/>
  </testcase> <!-- validateCartMessage -->
  <testcase classname="com.naveenautomation.pageTests.HomePageTest" name="validateCartMessage" time="11.182">
    <failure type="org.openqa.selenium.ElementNotInteractableException" message="element not interactable
  (Session info: headless chrome=119.0.6045.160)
Build info: version: &amp;apos;3.141.59&amp;apos;, revision: &amp;apos;e82be7d358&amp;apos;, time: &amp;apos;2018-11-14T08:17:03&amp;apos;
System info: host: &amp;apos;LAPTOP-07R9VU7F&amp;apos;, ip: &amp;apos;10.0.0.78&amp;apos;, os.name: &amp;apos;Windows 10&amp;apos;, os.arch: &amp;apos;amd64&amp;apos;, os.version: &amp;apos;10.0&amp;apos;, java.version: &amp;apos;17.0.7&amp;apos;
Driver info: org.openqa.selenium.remote.RemoteWebDriver
Capabilities {acceptInsecureCerts: false, browserName: chrome, browserVersion: 119.0.6045.160, chrome: {chromedriverVersion: 119.0.6045.105 (38c72552c5e..., userDataDir: C:\Users\Dijish\AppData\Loc...}, fedcm:accounts: true, goog:chromeOptions: {debuggerAddress: localhost:52671}, javascriptEnabled: true, networkConnectionEnabled: false, pageLoadStrategy: normal, platform: WIN10, platformName: WIN10, proxy: Proxy(), se:bidiEnabled: false, se:cdp: ws://10.0.0.78:4444/session..., se:cdpVersion: 119.0.6045.160, setWindowRect: true, strictFileInteractability: false, timeouts: {implicit: 0, pageLoad: 300000, script: 30000}, unhandledPromptBehavior: dismiss and notify, webauthn:extension:credBlob: true, webauthn:extension:largeBlob: true, webauthn:extension:minPinLength: true, webauthn:extension:prf: true, webauthn:virtualAuthenticators: true}
Session ID: e0cdff6aaa1573c8ee46910788fb8128">
      <![CDATA[org.openqa.selenium.ElementNotInteractableException: element not interactable
  (Session info: headless chrome=119.0.6045.160)
Build info: version: '3.141.59', revision: 'e82be7d358', time: '2018-11-14T08:17:03'
System info: host: 'LAPTOP-07R9VU7F', ip: '10.0.0.78', os.name: 'Windows 10', os.arch: 'amd64', os.version: '10.0', java.version: '17.0.7'
Driver info: org.openqa.selenium.remote.RemoteWebDriver
Capabilities {acceptInsecureCerts: false, browserName: chrome, browserVersion: 119.0.6045.160, chrome: {chromedriverVersion: 119.0.6045.105 (38c72552c5e..., userDataDir: C:\Users\Dijish\AppData\Loc...}, fedcm:accounts: true, goog:chromeOptions: {debuggerAddress: localhost:52671}, javascriptEnabled: true, networkConnectionEnabled: false, pageLoadStrategy: normal, platform: WIN10, platformName: WIN10, proxy: Proxy(), se:bidiEnabled: false, se:cdp: ws://10.0.0.78:4444/session..., se:cdpVersion: 119.0.6045.160, setWindowRect: true, strictFileInteractability: false, timeouts: {implicit: 0, pageLoad: 300000, script: 30000}, unhandledPromptBehavior: dismiss and notify, webauthn:extension:credBlob: true, webauthn:extension:largeBlob: true, webauthn:extension:minPinLength: true, webauthn:extension:prf: true, webauthn:virtualAuthenticators: true}
Session ID: e0cdff6aaa1573c8ee46910788fb8128
at org.openqa.selenium.remote.http.W3CHttpResponseCodec.createException(W3CHttpResponseCodec.java:187)
at org.openqa.selenium.remote.http.W3CHttpResponseCodec.decode(W3CHttpResponseCodec.java:122)
at org.openqa.selenium.remote.http.W3CHttpResponseCodec.decode(W3CHttpResponseCodec.java:49)
at org.openqa.selenium.remote.HttpCommandExecutor.execute(HttpCommandExecutor.java:158)
at org.openqa.selenium.remote.RemoteWebDriver.execute(RemoteWebDriver.java:552)
at org.openqa.selenium.remote.RemoteWebElement.execute(RemoteWebElement.java:285)
at org.openqa.selenium.remote.RemoteWebElement.click(RemoteWebElement.java:84)
at org.openqa.selenium.support.events.EventFiringWebDriver$EventFiringWebElement.lambda$new$0(EventFiringWebDriver.java:404)
at jdk.proxy2/jdk.proxy2.$Proxy17.click(Unknown Source)
at org.openqa.selenium.support.events.EventFiringWebDriver$EventFiringWebElement.click(EventFiringWebDriver.java:417)
at org.openqa.selenium.support.pagefactory.internal.LocatingElementHandler.invoke(LocatingElementHandler.java:51)
at jdk.proxy2/jdk.proxy2.$Proxy16.click(Unknown Source)
at com.naveenautomation.pages.AccountPage.clickCartLink(AccountPage.java:64)
at com.naveenautomation.pageTests.HomePageTest.validateCartMessage(HomePageTest.java:45)
at java.base/java.util.ArrayList.forEach(ArrayList.java:1511)
... Removed 40 stack frames]]>
    </failure>
  </testcase> <!-- validateCartMessage -->
  <testcase classname="com.naveenautomation.pageTests.HomePageTest" name="validateContactUsEnquiryMessage" time="4.91"/>
  <testcase classname="com.naveenautomation.pageTests.HomePageTest" name="validateUserCanLogout" time="5.301"/>
  <testcase classname="com.naveenautomation.pageTests.ForgetPasswordTest" name="validateUserCannotChangePwdWithInValidCredentials" time="1.146"/>
  <testcase classname="com.naveenautomation.pageTests.LoginPageTest" name="validateUserCanAccessFwdPwdWithValidCredentials" time="1.627"/>
  <testcase classname="com.naveenautomation.pageTests.LoginPageTest" name="validateUserCanNotLoginWithInValidCredentials" time="0.716"/>
  <testcase classname="com.naveenautomation.pageTests.AccountPageTest" name="validateAccountDownloadsMessage" time="2.62"/>
  <testcase classname="com.naveenautomation.pageTests.AccountPageTest" name="validateLoginWithMultipleCredentials" time="1.007"/>
  <testcase classname="com.naveenautomation.pageTests.AccountPageTest" name="validateLoginWithMultipleCredentials" time="1.273"/>
  <testcase classname="com.naveenautomation.pageTests.AccountPageTest" name="validateLoginWithMultipleCredentials" time="1.045"/>
  <testcase classname="com.naveenautomation.pageTests.AccountPageTest" name="validatePaymentsMessage" time="2.655"/>
  <testcase classname="com.naveenautomation.pageTests.AccountPageTest" name="validateProductReturnMessage" time="12.111">
    <skipped/>
  </testcase> <!-- validateProductReturnMessage -->
  <testcase classname="com.naveenautomation.pageTests.AccountPageTest" name="validateProductReturnMessage" time="11.98">
    <failure type="org.openqa.selenium.NoSuchElementException" message="no such element: Unable to locate element: {&amp;quot;method&amp;quot;:&amp;quot;css selector&amp;quot;,&amp;quot;selector&amp;quot;:&amp;quot;#content&amp;gt;p&amp;quot;}
  (Session info: headless chrome=119.0.6045.160)
For documentation on this error, please visit: https://www.seleniumhq.org/exceptions/no_such_element.html
Build info: version: &amp;apos;3.141.59&amp;apos;, revision: &amp;apos;e82be7d358&amp;apos;, time: &amp;apos;2018-11-14T08:17:03&amp;apos;
System info: host: &amp;apos;LAPTOP-07R9VU7F&amp;apos;, ip: &amp;apos;10.0.0.78&amp;apos;, os.name: &amp;apos;Windows 10&amp;apos;, os.arch: &amp;apos;amd64&amp;apos;, os.version: &amp;apos;10.0&amp;apos;, java.version: &amp;apos;17.0.7&amp;apos;
Driver info: org.openqa.selenium.remote.RemoteWebDriver
Capabilities {acceptInsecureCerts: false, browserName: chrome, browserVersion: 119.0.6045.160, chrome: {chromedriverVersion: 119.0.6045.105 (38c72552c5e..., userDataDir: C:\Users\Dijish\AppData\Loc...}, fedcm:accounts: true, goog:chromeOptions: {debuggerAddress: localhost:52984}, javascriptEnabled: true, networkConnectionEnabled: false, pageLoadStrategy: normal, platform: WIN10, platformName: WIN10, proxy: Proxy(), se:bidiEnabled: false, se:cdp: ws://10.0.0.78:4444/session..., se:cdpVersion: 119.0.6045.160, setWindowRect: true, strictFileInteractability: false, timeouts: {implicit: 0, pageLoad: 300000, script: 30000}, unhandledPromptBehavior: dismiss and notify, webauthn:extension:credBlob: true, webauthn:extension:largeBlob: true, webauthn:extension:minPinLength: true, webauthn:extension:prf: true, webauthn:virtualAuthenticators: true}
Session ID: d8b4aa1a626bc79f04b0f2987aab7d2c
*** Element info: {Using=css selector, value=#content&amp;gt;p}">
      <![CDATA[org.openqa.selenium.NoSuchElementException: no such element: Unable to locate element: {"method":"css selector","selector":"#content>p"}
  (Session info: headless chrome=119.0.6045.160)
For documentation on this error, please visit: https://www.seleniumhq.org/exceptions/no_such_element.html
Build info: version: '3.141.59', revision: 'e82be7d358', time: '2018-11-14T08:17:03'
System info: host: 'LAPTOP-07R9VU7F', ip: '10.0.0.78', os.name: 'Windows 10', os.arch: 'amd64', os.version: '10.0', java.version: '17.0.7'
Driver info: org.openqa.selenium.remote.RemoteWebDriver
Capabilities {acceptInsecureCerts: false, browserName: chrome, browserVersion: 119.0.6045.160, chrome: {chromedriverVersion: 119.0.6045.105 (38c72552c5e..., userDataDir: C:\Users\Dijish\AppData\Loc...}, fedcm:accounts: true, goog:chromeOptions: {debuggerAddress: localhost:52984}, javascriptEnabled: true, networkConnectionEnabled: false, pageLoadStrategy: normal, platform: WIN10, platformName: WIN10, proxy: Proxy(), se:bidiEnabled: false, se:cdp: ws://10.0.0.78:4444/session..., se:cdpVersion: 119.0.6045.160, setWindowRect: true, strictFileInteractability: false, timeouts: {implicit: 0, pageLoad: 300000, script: 30000}, unhandledPromptBehavior: dismiss and notify, webauthn:extension:credBlob: true, webauthn:extension:largeBlob: true, webauthn:extension:minPinLength: true, webauthn:extension:prf: true, webauthn:virtualAuthenticators: true}
Session ID: d8b4aa1a626bc79f04b0f2987aab7d2c
*** Element info: {Using=css selector, value=#content>p}
at org.openqa.selenium.remote.http.W3CHttpResponseCodec.createException(W3CHttpResponseCodec.java:187)
at org.openqa.selenium.remote.http.W3CHttpResponseCodec.decode(W3CHttpResponseCodec.java:122)
at org.openqa.selenium.remote.http.W3CHttpResponseCodec.decode(W3CHttpResponseCodec.java:49)
at org.openqa.selenium.remote.HttpCommandExecutor.execute(HttpCommandExecutor.java:158)
at org.openqa.selenium.remote.RemoteWebDriver.execute(RemoteWebDriver.java:552)
at org.openqa.selenium.remote.RemoteWebDriver.findElement(RemoteWebDriver.java:323)
at org.openqa.selenium.remote.RemoteWebDriver.findElementByCssSelector(RemoteWebDriver.java:420)
at org.openqa.selenium.By$ByCssSelector.findElement(By.java:431)
at org.openqa.selenium.remote.RemoteWebDriver.findElement(RemoteWebDriver.java:315)
at org.openqa.selenium.support.events.EventFiringWebDriver.lambda$new$1(EventFiringWebDriver.java:105)
at jdk.proxy2/jdk.proxy2.$Proxy12.findElement(Unknown Source)
at org.openqa.selenium.support.events.EventFiringWebDriver.findElement(EventFiringWebDriver.java:194)
at org.openqa.selenium.support.pagefactory.DefaultElementLocator.findElement(DefaultElementLocator.java:69)
at org.openqa.selenium.support.pagefactory.internal.LocatingElementHandler.invoke(LocatingElementHandler.java:38)
at jdk.proxy2/jdk.proxy2.$Proxy16.getText(Unknown Source)
at com.naveenautomation.pages.ProductReturnsPage.getMessageForProductReturn(ProductReturnsPage.java:25)
at com.naveenautomation.pageTests.AccountPageTest.validateProductReturnMessage(AccountPageTest.java:108)
at java.base/java.util.ArrayList.forEach(ArrayList.java:1511)
... Removed 35 stack frames]]>
    </failure>
  </testcase> <!-- validateProductReturnMessage -->
  <testcase classname="com.naveenautomation.pageTests.AccountPageTest" name="validateTransactionsPageMessage" time="2.343"/>
  <testcase classname="com.naveenautomation.pageTests.AccountPageTest" name="validateUserCanChangePassword" time="2.682"/>
  <testcase classname="com.naveenautomation.pageTests.AccountPageTest" name="validateUserCanLoginWithValidCredentials" time="1.038"/>
  <testcase classname="com.naveenautomation.pageTests.AccountPageTest" name="validateUserCanSubscribeNewsLetter" time="3.046"/>
  <testcase classname="com.naveenautomation.pageTests.AccountPageTest" name="validateUserCanUpdatePersonalInfo" time="2.985"/>
  <testcase classname="com.naveenautomation.pageTests.AccountPageTest" name="validateWishListMessage" time="2.254"/>
</testsuite> <!-- Test -->
